]]]]]]]]]]]]]]]]]]]SecurityQuestionRepository/initial block starting[[[[[[[[[[[[[[[[[[
]]]]]]]]]]]]]]]]]]]SecurityQuestionRepository/initial block ending[[[[[[[[[[[[[[[[[[
========Enter into questionServce/findAllSecurityQuestion()========
========Exiting from questionServce/findAllSecurityQuestion()========
============Entered into SecurityQuestionRepository/findAllSecurityQuestion() with no id==========
eeeeeeeeeeeeeeeeeeeeeeorg.apache.tomcat.dbcp.dbcp.SQLNestedException: Cannot create PoolableConnectionFactory (Unknown database 'way_out')
============Exited from  SecurityQuestionRepository/findAllSecurityQuestion()===========
]]]]]]]]]]]]]]]]]]]SecurityQuestionRepository/initial block starting[[[[[[[[[[[[[[[[[[
]]]]]]]]]]]]]]]]]]]SecurityQuestionRepository/initial block ending[[[[[[[[[[[[[[[[[[
========Enter into questionServce/findAllSecurityQuestion()========
========Exiting from questionServce/findAllSecurityQuestion()========
============Entered into SecurityQuestionRepository/findAllSecurityQuestion() with no id==========
eeeeeeeeeeeeeeeeeeeeeeorg.apache.tomcat.dbcp.dbcp.SQLNestedException: Cannot create PoolableConnectionFactory (Unknown database 'way_out')
============Exited from  SecurityQuestionRepository/findAllSecurityQuestion()===========
]]]]]]]]]]]]]]]]]]]SecurityQuestionRepository/initial block starting[[[[[[[[[[[[[[[[[[
]]]]]]]]]]]]]]]]]]]SecurityQuestionRepository/initial block ending[[[[[[[[[[[[[[[[[[
========Enter into questionServce/findAllSecurityQuestion()========
========Exiting from questionServce/findAllSecurityQuestion()========
============Entered into SecurityQuestionRepository/findAllSecurityQuestion() with no id==========
eeeeeeeeeeeeeeeeeeeeeeorg.apache.tomcat.dbcp.dbcp.SQLNestedException: Cannot create PoolableConnectionFactory (Unknown database 'way_out')
============Exited from  SecurityQuestionRepository/findAllSecurityQuestion()===========
]]]]]]]]]]]]]]]]]]]SecurityQuestionRepository/initial block starting[[[[[[[[[[[[[[[[[[
]]]]]]]]]]]]]]]]]]]SecurityQuestionRepository/initial block ending[[[[[[[[[[[[[[[[[[
========Enter into questionServce/findAllSecurityQuestion()========
========Exiting from questionServce/findAllSecurityQuestion()========
============Entered into SecurityQuestionRepository/findAllSecurityQuestion() with no id==========
eeeeeeeeeeeeeeeeeeeeeeorg.apache.tomcat.dbcp.dbcp.SQLNestedException: Cannot create PoolableConnectionFactory (Unknown database 'way_out')
============Exited from  SecurityQuestionRepository/findAllSecurityQuestion()===========
]]]]]]]]]]]]]]]]]]]SecurityQuestionRepository/initial block starting[[[[[[[[[[[[[[[[[[
]]]]]]]]]]]]]]]]]]]SecurityQuestionRepository/initial block ending[[[[[[[[[[[[[[[[[[
========Enter into questionServce/findAllSecurityQuestion()========
========Exiting from questionServce/findAllSecurityQuestion()========
============Entered into SecurityQuestionRepository/findAllSecurityQuestion() with no id==========
eeeeeeeeeeeeeeeeeeeeeeorg.apache.tomcat.dbcp.dbcp.SQLNestedException: Cannot create PoolableConnectionFactory (Unknown database 'way_out')
============Exited from  SecurityQuestionRepository/findAllSecurityQuestion()===========
]]]]]]]]]]]]]]]]]]]SecurityQuestionRepository/initial block starting[[[[[[[[[[[[[[[[[[
]]]]]]]]]]]]]]]]]]]SecurityQuestionRepository/initial block ending[[[[[[[[[[[[[[[[[[
========Enter into questionServce/findAllSecurityQuestion()========
========Exiting from questionServce/findAllSecurityQuestion()========
============Entered into SecurityQuestionRepository/findAllSecurityQuestion() with no id==========
eeeeeeeeeeeeeeeeeeeeeeorg.apache.tomcat.dbcp.dbcp.SQLNestedException: Cannot create PoolableConnectionFactory (Unknown database 'way_out')
============Exited from  SecurityQuestionRepository/findAllSecurityQuestion()===========
]]]]]]]]]]]]]]]]]]]SecurityQuestionRepository/initial block starting[[[[[[[[[[[[[[[[[[
]]]]]]]]]]]]]]]]]]]SecurityQuestionRepository/initial block ending[[[[[[[[[[[[[[[[[[
========Enter into questionServce/findAllSecurityQuestion()========
========Exiting from questionServce/findAllSecurityQuestion()========
============Entered into SecurityQuestionRepository/findAllSecurityQuestion() with no id==========
eeeeeeeeeeeeeeeeeeeeeeorg.apache.tomcat.dbcp.dbcp.SQLNestedException: Cannot create PoolableConnectionFactory (Unknown database 'way_out')
============Exited from  SecurityQuestionRepository/findAllSecurityQuestion()===========
]]]]]]]]]]]]]]]]]]]SecurityQuestionRepository/initial block starting[[[[[[[[[[[[[[[[[[
]]]]]]]]]]]]]]]]]]]SecurityQuestionRepository/initial block ending[[[[[[[[[[[[[[[[[[
========Enter into questionServce/findAllSecurityQuestion()========
========Exiting from questionServce/findAllSecurityQuestion()========
============Entered into SecurityQuestionRepository/findAllSecurityQuestion() with no id==========
eeeeeeeeeeeeeeeeeeeeeeorg.apache.tomcat.dbcp.dbcp.SQLNestedException: Cannot create PoolableConnectionFactory (Unknown database 'way_out')
============Exited from  SecurityQuestionRepository/findAllSecurityQuestion()===========
]]]]]]]]]]]]]]]]]]]SecurityQuestionRepository/initial block starting[[[[[[[[[[[[[[[[[[
]]]]]]]]]]]]]]]]]]]SecurityQuestionRepository/initial block ending[[[[[[[[[[[[[[[[[[
========Enter into questionServce/findAllSecurityQuestion()========
========Exiting from questionServce/findAllSecurityQuestion()========
============Entered into SecurityQuestionRepository/findAllSecurityQuestion() with no id==========
eeeeeeeeeeeeeeeeeeeeeeorg.apache.tomcat.dbcp.dbcp.SQLNestedException: Cannot create PoolableConnectionFactory (Unknown database 'way_out')
============Exited from  SecurityQuestionRepository/findAllSecurityQuestion()===========
]]]]]]]]]]]]]]]]]]]SecurityQuestionRepository/initial block starting[[[[[[[[[[[[[[[[[[
]]]]]]]]]]]]]]]]]]]SecurityQuestionRepository/initial block ending[[[[[[[[[[[[[[[[[[
========Enter into questionServce/findAllSecurityQuestion()========
========Exiting from questionServce/findAllSecurityQuestion()========
============Entered into SecurityQuestionRepository/findAllSecurityQuestion() with no id==========
eeeeeeeeeeeeeeeeeeeeeeorg.apache.tomcat.dbcp.dbcp.SQLNestedException: Cannot create PoolableConnectionFactory (Unknown database 'way_out')
============Exited from  SecurityQuestionRepository/findAllSecurityQuestion()===========
]]]]]]]]]]]]]]]]]]]SecurityQuestionRepository/initial block starting[[[[[[[[[[[[[[[[[[
]]]]]]]]]]]]]]]]]]]SecurityQuestionRepository/initial block ending[[[[[[[[[[[[[[[[[[
========Enter into questionServce/findAllSecurityQuestion()========
========Exiting from questionServce/findAllSecurityQuestion()========
============Entered into SecurityQuestionRepository/findAllSecurityQuestion() with no id==========
eeeeeeeeeeeeeeeeeeeeeeorg.apache.tomcat.dbcp.dbcp.SQLNestedException: Cannot create PoolableConnectionFactory (Unknown database 'way_out')
============Exited from  SecurityQuestionRepository/findAllSecurityQuestion()===========
]]]]]]]]]]]]]]]]]]]SecurityQuestionRepository/initial block starting[[[[[[[[[[[[[[[[[[
]]]]]]]]]]]]]]]]]]]SecurityQuestionRepository/initial block ending[[[[[[[[[[[[[[[[[[
========Enter into questionServce/findAllSecurityQuestion()========
========Exiting from questionServce/findAllSecurityQuestion()========
============Entered into SecurityQuestionRepository/findAllSecurityQuestion() with no id==========
eeeeeeeeeeeeeeeeeeeeeeorg.apache.tomcat.dbcp.dbcp.SQLNestedException: Cannot create PoolableConnectionFactory (Unknown database 'way_out')
============Exited from  SecurityQuestionRepository/findAllSecurityQuestion()===========
]]]]]]]]]]]]]]]]]]]SecurityQuestionRepository/initial block starting[[[[[[[[[[[[[[[[[[
]]]]]]]]]]]]]]]]]]]SecurityQuestionRepository/initial block ending[[[[[[[[[[[[[[[[[[
========Enter into questionServce/findAllSecurityQuestion()========
========Exiting from questionServce/findAllSecurityQuestion()========
============Entered into SecurityQuestionRepository/findAllSecurityQuestion() with no id==========
eeeeeeeeeeeeeeeeeeeeeeorg.apache.tomcat.dbcp.dbcp.SQLNestedException: Cannot create PoolableConnectionFactory (Unknown database 'way_out')
============Exited from  SecurityQuestionRepository/findAllSecurityQuestion()===========
]]]]]]]]]]]]]]]]]]]SecurityQuestionRepository/initial block starting[[[[[[[[[[[[[[[[[[
]]]]]]]]]]]]]]]]]]]SecurityQuestionRepository/initial block ending[[[[[[[[[[[[[[[[[[
========Enter into questionServce/findAllSecurityQuestion()========
========Exiting from questionServce/findAllSecurityQuestion()========
============Entered into SecurityQuestionRepository/findAllSecurityQuestion() with no id==========
eeeeeeeeeeeeeeeeeeeeeeorg.apache.tomcat.dbcp.dbcp.SQLNestedException: Cannot create PoolableConnectionFactory (Unknown database 'way_out')
============Exited from  SecurityQuestionRepository/findAllSecurityQuestion()===========
]]]]]]]]]]]]]]]]]]]SecurityQuestionRepository/initial block starting[[[[[[[[[[[[[[[[[[
]]]]]]]]]]]]]]]]]]]SecurityQuestionRepository/initial block ending[[[[[[[[[[[[[[[[[[
========Enter into questionServce/findAllSecurityQuestion()========
========Exiting from questionServce/findAllSecurityQuestion()========
============Entered into SecurityQuestionRepository/findAllSecurityQuestion() with no id==========
eeeeeeeeeeeeeeeeeeeeeeorg.apache.tomcat.dbcp.dbcp.SQLNestedException: Cannot create PoolableConnectionFactory (Unknown database 'way_out')
============Exited from  SecurityQuestionRepository/findAllSecurityQuestion()===========
]]]]]]]]]]]]]]]]]]]SecurityQuestionRepository/initial block starting[[[[[[[[[[[[[[[[[[
]]]]]]]]]]]]]]]]]]]SecurityQuestionRepository/initial block ending[[[[[[[[[[[[[[[[[[
========Enter into questionServce/findAllSecurityQuestion()========
========Exiting from questionServce/findAllSecurityQuestion()========
============Entered into SecurityQuestionRepository/findAllSecurityQuestion() with no id==========
eeeeeeeeeeeeeeeeeeeeeeorg.apache.tomcat.dbcp.dbcp.SQLNestedException: Cannot create PoolableConnectionFactory (Unknown database 'way_out')
============Exited from  SecurityQuestionRepository/findAllSecurityQuestion()===========
]]]]]]]]]]]]]]]]]]]SecurityQuestionRepository/initial block starting[[[[[[[[[[[[[[[[[[
]]]]]]]]]]]]]]]]]]]SecurityQuestionRepository/initial block ending[[[[[[[[[[[[[[[[[[
========Enter into questionServce/findAllSecurityQuestion()========
========Exiting from questionServce/findAllSecurityQuestion()========
============Entered into SecurityQuestionRepository/findAllSecurityQuestion() with no id==========
eeeeeeeeeeeeeeeeeeeeeeorg.apache.tomcat.dbcp.dbcp.SQLNestedException: Cannot create PoolableConnectionFactory (Unknown database 'way_out')
============Exited from  SecurityQuestionRepository/findAllSecurityQuestion()===========
]]]]]]]]]]]]]]]]]]]SecurityQuestionRepository/initial block starting[[[[[[[[[[[[[[[[[[
]]]]]]]]]]]]]]]]]]]SecurityQuestionRepository/initial block ending[[[[[[[[[[[[[[[[[[
========Enter into questionServce/findAllSecurityQuestion()========
========Exiting from questionServce/findAllSecurityQuestion()========
============Entered into SecurityQuestionRepository/findAllSecurityQuestion() with no id==========
eeeeeeeeeeeeeeeeeeeeeeorg.apache.tomcat.dbcp.dbcp.SQLNestedException: Cannot create PoolableConnectionFactory (Unknown database 'way_out')
============Exited from  SecurityQuestionRepository/findAllSecurityQuestion()===========
]]]]]]]]]]]]]]]]]]]SecurityQuestionRepository/initial block starting[[[[[[[[[[[[[[[[[[
]]]]]]]]]]]]]]]]]]]SecurityQuestionRepository/initial block ending[[[[[[[[[[[[[[[[[[
========Enter into questionServce/findAllSecurityQuestion()========
========Exiting from questionServce/findAllSecurityQuestion()========
============Entered into SecurityQuestionRepository/findAllSecurityQuestion() with no id==========
eeeeeeeeeeeeeeeeeeeeeeorg.apache.tomcat.dbcp.dbcp.SQLNestedException: Cannot create PoolableConnectionFactory (Unknown database 'way_out')
============Exited from  SecurityQuestionRepository/findAllSecurityQuestion()===========
]]]]]]]]]]]]]]]]]]]SecurityQuestionRepository/initial block starting[[[[[[[[[[[[[[[[[[
]]]]]]]]]]]]]]]]]]]SecurityQuestionRepository/initial block ending[[[[[[[[[[[[[[[[[[
========Enter into questionServce/findAllSecurityQuestion()========
========Exiting from questionServce/findAllSecurityQuestion()========
============Entered into SecurityQuestionRepository/findAllSecurityQuestion() with no id==========
eeeeeeeeeeeeeeeeeeeeeeorg.apache.tomcat.dbcp.dbcp.SQLNestedException: Cannot create PoolableConnectionFactory (Unknown database 'way_out')
============Exited from  SecurityQuestionRepository/findAllSecurityQuestion()===========
]]]]]]]]]]]]]]]]]]]SecurityQuestionRepository/initial block starting[[[[[[[[[[[[[[[[[[
]]]]]]]]]]]]]]]]]]]SecurityQuestionRepository/initial block ending[[[[[[[[[[[[[[[[[[
========Enter into questionServce/findAllSecurityQuestion()========
========Exiting from questionServce/findAllSecurityQuestion()========
============Entered into SecurityQuestionRepository/findAllSecurityQuestion() with no id==========
eeeeeeeeeeeeeeeeeeeeeeorg.apache.tomcat.dbcp.dbcp.SQLNestedException: Cannot create PoolableConnectionFactory (Unknown database 'way_out')
============Exited from  SecurityQuestionRepository/findAllSecurityQuestion()===========
]]]]]]]]]]]]]]]]]]]SecurityQuestionRepository/initial block starting[[[[[[[[[[[[[[[[[[
]]]]]]]]]]]]]]]]]]]SecurityQuestionRepository/initial block ending[[[[[[[[[[[[[[[[[[
========Enter into questionServce/findAllSecurityQuestion()========
========Exiting from questionServce/findAllSecurityQuestion()========
============Entered into SecurityQuestionRepository/findAllSecurityQuestion() with no id==========
eeeeeeeeeeeeeeeeeeeeeeorg.apache.tomcat.dbcp.dbcp.SQLNestedException: Cannot create PoolableConnectionFactory (Unknown database 'way_out')
============Exited from  SecurityQuestionRepository/findAllSecurityQuestion()===========
]]]]]]]]]]]]]]]]]]]SecurityQuestionRepository/initial block starting[[[[[[[[[[[[[[[[[[
]]]]]]]]]]]]]]]]]]]SecurityQuestionRepository/initial block ending[[[[[[[[[[[[[[[[[[
========Enter into questionServce/findAllSecurityQuestion()========
========Exiting from questionServce/findAllSecurityQuestion()========
============Entered into SecurityQuestionRepository/findAllSecurityQuestion() with no id==========
eeeeeeeeeeeeeeeeeeeeeeorg.apache.tomcat.dbcp.dbcp.SQLNestedException: Cannot create PoolableConnectionFactory (Unknown database 'way_out')
============Exited from  SecurityQuestionRepository/findAllSecurityQuestion()===========
]]]]]]]]]]]]]]]]]]]SecurityQuestionRepository/initial block starting[[[[[[[[[[[[[[[[[[
]]]]]]]]]]]]]]]]]]]SecurityQuestionRepository/initial block ending[[[[[[[[[[[[[[[[[[
========Enter into questionServce/findAllSecurityQuestion()========
========Exiting from questionServce/findAllSecurityQuestion()========
============Entered into SecurityQuestionRepository/findAllSecurityQuestion() with no id==========
eeeeeeeeeeeeeeeeeeeeeeorg.apache.tomcat.dbcp.dbcp.SQLNestedException: Cannot create PoolableConnectionFactory (Unknown database 'way_out')
============Exited from  SecurityQuestionRepository/findAllSecurityQuestion()===========
]]]]]]]]]]]]]]]]]]]SecurityQuestionRepository/initial block starting[[[[[[[[[[[[[[[[[[
]]]]]]]]]]]]]]]]]]]SecurityQuestionRepository/initial block ending[[[[[[[[[[[[[[[[[[
========Enter into questionServce/findAllSecurityQuestion()========
========Exiting from questionServce/findAllSecurityQuestion()========
============Entered into SecurityQuestionRepository/findAllSecurityQuestion() with no id==========
eeeeeeeeeeeeeeeeeeeeeeorg.apache.tomcat.dbcp.dbcp.SQLNestedException: Cannot create PoolableConnectionFactory (Unknown database 'way_out')
============Exited from  SecurityQuestionRepository/findAllSecurityQuestion()===========
]]]]]]]]]]]]]]]]]]]SecurityQuestionRepository/initial block starting[[[[[[[[[[[[[[[[[[
]]]]]]]]]]]]]]]]]]]SecurityQuestionRepository/initial block ending[[[[[[[[[[[[[[[[[[
========Enter into questionServce/findAllSecurityQuestion()========
========Exiting from questionServce/findAllSecurityQuestion()========
============Entered into SecurityQuestionRepository/findAll() with no id==========
============Exited from  SecurityQuestionRepository/findAll()===========
]]]]]]]]]]]]]]]]]]]SecurityQuestionRepository/initial block starting[[[[[[[[[[[[[[[[[[
]]]]]]]]]]]]]]]]]]]SecurityQuestionRepository/initial block ending[[[[[[[[[[[[[[[[[[
========Enter into questionServce/findAllSecurityQuestion()========
========Exiting from questionServce/findAllSecurityQuestion()========
============Entered into SecurityQuestionRepository/findAll() with no id==========
============Exited from  SecurityQuestionRepository/findAll()===========
]]]]]]]]]]]]]]]]]]]SecurityQuestionRepository/initial block starting[[[[[[[[[[[[[[[[[[
]]]]]]]]]]]]]]]]]]]SecurityQuestionRepository/initial block ending[[[[[[[[[[[[[[[[[[
>>>>>>>>>>>>>>entering the find all Method
========Enter into questionServce/findAllSecurityQuestion()========
========Exiting from questionServce/findAllSecurityQuestion()========
============Entered into SecurityQuestionRepository/findAll() with no id==========
============Exited from  SecurityQuestionRepository/findAll()===========
>>>>>>>>>>>>>>exiting the find all Method
]]]]]]]]]]]]]]]]]]]SecurityQuestionRepository/initial block starting[[[[[[[[[[[[[[[[[[
]]]]]]]]]]]]]]]]]]]SecurityQuestionRepository/initial block ending[[[[[[[[[[[[[[[[[[
entering the doget method to search a question in particular
========Enter into questionServce/findSecurityQuestion()========
========Exiting from questionServce/findSecurityQuestion()========
============Entered into SecurityQuestionRepository/findOne() with id=1===========
============Exited from  SecurityQuestionRepository/findOne()===========
exiting the method for getting a question in particular
>>>>>>>>>>>>>>entering the find all Method
========Enter into questionServce/findAllSecurityQuestion()========
========Exiting from questionServce/findAllSecurityQuestion()========
============Entered into SecurityQuestionRepository/findAll() with no id==========
============Exited from  SecurityQuestionRepository/findAll()===========
>>>>>>>>>>>>>>exiting the find all Method
]]]]]]]]]]]]]]]]]]]SecurityQuestionRepository/initial block starting[[[[[[[[[[[[[[[[[[
]]]]]]]]]]]]]]]]]]]SecurityQuestionRepository/initial block ending[[[[[[[[[[[[[[[[[[
========Enter into questionServce/findAllSecurityQuestion()========
========Exiting from questionServce/findAllSecurityQuestion()========
============Entered into SecurityQuestionRepository/findAll() with no id==========
============Exited from  SecurityQuestionRepository/findAll()===========
entering the method
>>>>>>>>>>entering the  try block
>>>>>>>>>>>>>>>>>>>>exiting from the try block
entering the method
>>>>>>>>>>entering the  try block
========Enter into questionServce/addSecurityQuestion()========
========Exiting from questionServce/addSecurityQuestion()========
============Entered into save method SecurityQuestionRepository===========
============Entered into try of save method SecurityQuestionRepository===========
============completed save method SecurityQuestionRepository===========
>>>>>>>>>>>>>>>>>>>>exiting from the try block
>>>>>>>>>>>>>>entering the find all Method
========Enter into questionServce/findAllSecurityQuestion()========
========Exiting from questionServce/findAllSecurityQuestion()========
============Entered into SecurityQuestionRepository/findAll() with no id==========
============Exited from  SecurityQuestionRepository/findAll()===========
>>>>>>>>>>>>>>exiting the find all Method
entering the doget method to search a question in particular
========Enter into questionServce/findSecurityQuestion()========
========Exiting from questionServce/findSecurityQuestion()========
============Entered into SecurityQuestionRepository/findOne() with id=13===========
============Exited from  SecurityQuestionRepository/findOne()===========
exiting the method for getting a question in particular
]]]]]]]]]]]]]]]]]]]SecurityQuestionRepository/initial block starting[[[[[[[[[[[[[[[[[[
]]]]]]]]]]]]]]]]]]]SecurityQuestionRepository/initial block ending[[[[[[[[[[[[[[[[[[
entering the doget method to get a single question to edit
>>>>>>>>>>entering the  try block of edit servlet
========Enter into questionServce/findSecurityQuestion()========
========Exiting from questionServce/findSecurityQuestion()========
============Entered into SecurityQuestionRepository/findOne() with id=13===========
============Exited from  SecurityQuestionRepository/findOne()===========
XXXXXXXXXXXXXXXXXXXXXXXXXXXXXXXXcom.lxisoft.wayout.domain.SecurityQuestion@447b6069XXXXXXXXXXXXXXXXXXXXXXXXX
XXXXXXXXXXXXXXXXXXXXXXXXXXXXXXXXtestoption1XXXXXXXXXXXXXXXXXXXXXXXXX
>>>>>>>>>>exiting the  try block of the method to get the single questionto edit
>>>>>>>>>>entering the  try block of edit servlet
========Enter into questionServce/updateSecurityQuestion()========
============Entered into SecurityQuestionRepository/updateSecurityQuestion()===========
============Entered into SecurityQuestionRepository/delete()===========
============Exit from SecurityQuestionRepository/delete()===========
============Entered into save method SecurityQuestionRepository===========
============Entered into try of save method SecurityQuestionRepository===========
============completed save method SecurityQuestionRepository===========
============Exited from  SecurityQuestionRepository/update()===========
========Exiting from questionServce/updateSecurityQuestion()========
>>>>>>>>>>exiting the  try block of edit servlet
>>>>>>>>>>>>>>entering the find all Method
========Enter into questionServce/findAllSecurityQuestion()========
========Exiting from questionServce/findAllSecurityQuestion()========
============Entered into SecurityQuestionRepository/findAll() with no id==========
============Exited from  SecurityQuestionRepository/findAll()===========
>>>>>>>>>>>>>>exiting the find all Method
entering the doget method to search a question in particular
========Enter into questionServce/findSecurityQuestion()========
========Exiting from questionServce/findSecurityQuestion()========
============Entered into SecurityQuestionRepository/findOne() with id=13===========
============Exited from  SecurityQuestionRepository/findOne()===========
exiting the method for getting a question in particular
